2023/07/01 15:43:08 [error] [exception.CException] CException: Property "LoginForm._user" is not defined. in C:\xampp\htdocs\kesehatan\yii\framework\base\CComponent.php:173
Stack trace:
#0 C:\xampp\htdocs\kesehatan\protected\models\LoginForm.php(52): CComponent->__set('_user', Object(User))
#1 C:\xampp\htdocs\kesehatan\yii\framework\validators\CInlineValidator.php(42): LoginForm->authenticate('password', Array)
#2 C:\xampp\htdocs\kesehatan\yii\framework\validators\CValidator.php(201): CInlineValidator->validateAttribute(Object(LoginForm), 'password')
#3 C:\xampp\htdocs\kesehatan\yii\framework\base\CModel.php(159): CValidator->validate(Object(LoginForm), Array)
#4 C:\xampp\htdocs\kesehatan\protected\controllers\SiteController.php(85): CModel->validate()
#5 C:\xampp\htdocs\kesehatan\yii\framework\web\actions\CInlineAction.php(49): SiteController->actionLogin()
#6 C:\xampp\htdocs\kesehatan\yii\framework\web\CController.php(308): CInlineAction->runWithParams(Array)
#7 C:\xampp\htdocs\kesehatan\yii\framework\web\CController.php(286): CController->runAction(Object(CInlineAction))
#8 C:\xampp\htdocs\kesehatan\yii\framework\web\CController.php(265): CController->runActionWithFilters(Object(CInlineAction), Array)
#9 C:\xampp\htdocs\kesehatan\yii\framework\web\CWebApplication.php(282): CController->run('login')
#10 C:\xampp\htdocs\kesehatan\yii\framework\web\CWebApplication.php(141): CWebApplication->runController('site/login')
#11 C:\xampp\htdocs\kesehatan\yii\framework\base\CApplication.php(185): CWebApplication->processRequest()
#12 C:\xampp\htdocs\kesehatan\index.php(13): CApplication->run()
#13 {main}
REQUEST_URI=/kesehatan/index.php?r=site/login
HTTP_REFERER=http://localhost/kesehatan/index.php?r=site/login
---
2023/07/01 15:43:36 [error] [exception.CException] CException: User and its behaviors do not have a method or closure named "validatePassword". in C:\xampp\htdocs\kesehatan\yii\framework\base\CComponent.php:266
Stack trace:
#0 C:\xampp\htdocs\kesehatan\yii\framework\db\ar\CActiveRecord.php(229): CComponent->__call('validatePasswor...', Array)
#1 C:\xampp\htdocs\kesehatan\protected\models\LoginForm.php(55): CActiveRecord->__call('validatePasswor...', Array)
#2 C:\xampp\htdocs\kesehatan\yii\framework\validators\CInlineValidator.php(42): LoginForm->authenticate('password', Array)
#3 C:\xampp\htdocs\kesehatan\yii\framework\validators\CValidator.php(201): CInlineValidator->validateAttribute(Object(LoginForm), 'password')
#4 C:\xampp\htdocs\kesehatan\yii\framework\base\CModel.php(159): CValidator->validate(Object(LoginForm), Array)
#5 C:\xampp\htdocs\kesehatan\protected\controllers\SiteController.php(85): CModel->validate()
#6 C:\xampp\htdocs\kesehatan\yii\framework\web\actions\CInlineAction.php(49): SiteController->actionLogin()
#7 C:\xampp\htdocs\kesehatan\yii\framework\web\CController.php(308): CInlineAction->runWithParams(Array)
#8 C:\xampp\htdocs\kesehatan\yii\framework\web\CController.php(286): CController->runAction(Object(CInlineAction))
#9 C:\xampp\htdocs\kesehatan\yii\framework\web\CController.php(265): CController->runActionWithFilters(Object(CInlineAction), Array)
#10 C:\xampp\htdocs\kesehatan\yii\framework\web\CWebApplication.php(282): CController->run('login')
#11 C:\xampp\htdocs\kesehatan\yii\framework\web\CWebApplication.php(141): CWebApplication->runController('site/login')
#12 C:\xampp\htdocs\kesehatan\yii\framework\base\CApplication.php(185): CWebApplication->processRequest()
#13 C:\xampp\htdocs\kesehatan\index.php(13): CApplication->run()
#14 {main}
REQUEST_URI=/kesehatan/index.php?r=site/login
HTTP_REFERER=http://localhost/kesehatan/index.php?r=site/login
---
2023/07/01 16:09:51 [error] [exception.CException] CException: Property "LoginForm._identity" is not defined. in C:\xampp\htdocs\kesehatan\yii\framework\base\CComponent.php:130
Stack trace:
#0 C:\xampp\htdocs\kesehatan\protected\models\LoginForm.php(67): CComponent->__get('_identity')
#1 C:\xampp\htdocs\kesehatan\protected\controllers\SiteController.php(109): LoginForm->login()
#2 C:\xampp\htdocs\kesehatan\yii\framework\web\actions\CInlineAction.php(49): SiteController->actionLogin()
#3 C:\xampp\htdocs\kesehatan\yii\framework\web\CController.php(308): CInlineAction->runWithParams(Array)
#4 C:\xampp\htdocs\kesehatan\yii\framework\web\CController.php(286): CController->runAction(Object(CInlineAction))
#5 C:\xampp\htdocs\kesehatan\yii\framework\web\CController.php(265): CController->runActionWithFilters(Object(CInlineAction), Array)
#6 C:\xampp\htdocs\kesehatan\yii\framework\web\CWebApplication.php(282): CController->run('login')
#7 C:\xampp\htdocs\kesehatan\yii\framework\web\CWebApplication.php(141): CWebApplication->runController('site/login')
#8 C:\xampp\htdocs\kesehatan\yii\framework\base\CApplication.php(185): CWebApplication->processRequest()
#9 C:\xampp\htdocs\kesehatan\index.php(13): CApplication->run()
#10 {main}
REQUEST_URI=/kesehatan/index.php?r=site/login
HTTP_REFERER=http://localhost/kesehatan/index.php?r=site/login
---
2023/07/01 16:31:01 [error] [exception.ParseError] ParseError: syntax error, unexpected token "public" in C:\xampp\htdocs\kesehatan\protected\controllers\SiteController.php:116
Stack trace:
#0 C:\xampp\htdocs\kesehatan\yii\framework\web\CWebApplication.php(276): CWebApplication->createController('login/')
#1 C:\xampp\htdocs\kesehatan\yii\framework\web\CWebApplication.php(141): CWebApplication->runController('site/login')
#2 C:\xampp\htdocs\kesehatan\yii\framework\base\CApplication.php(185): CWebApplication->processRequest()
#3 C:\xampp\htdocs\kesehatan\index.php(13): CApplication->run()
#4 {main}
REQUEST_URI=/kesehatan/index.php?r=site/login
HTTP_REFERER=http://localhost/kesehatan/index.php?r=site/login
---
2023/07/01 16:36:13 [error] [exception.CException] CException: Property "LoginForm.errorMessage" is read only. in C:\xampp\htdocs\kesehatan\yii\framework\base\CComponent.php:170
Stack trace:
#0 C:\xampp\htdocs\kesehatan\protected\controllers\SiteController.php(108): CComponent->__set('errorMessage', 'Username or pas...')
#1 C:\xampp\htdocs\kesehatan\yii\framework\web\actions\CInlineAction.php(49): SiteController->actionLogin()
#2 C:\xampp\htdocs\kesehatan\yii\framework\web\CController.php(308): CInlineAction->runWithParams(Array)
#3 C:\xampp\htdocs\kesehatan\yii\framework\web\CController.php(286): CController->runAction(Object(CInlineAction))
#4 C:\xampp\htdocs\kesehatan\yii\framework\web\CController.php(265): CController->runActionWithFilters(Object(CInlineAction), Array)
#5 C:\xampp\htdocs\kesehatan\yii\framework\web\CWebApplication.php(282): CController->run('login')
#6 C:\xampp\htdocs\kesehatan\yii\framework\web\CWebApplication.php(141): CWebApplication->runController('site/login')
#7 C:\xampp\htdocs\kesehatan\yii\framework\base\CApplication.php(185): CWebApplication->processRequest()
#8 C:\xampp\htdocs\kesehatan\index.php(13): CApplication->run()
#9 {main}
REQUEST_URI=/kesehatan/index.php?r=site/login
HTTP_REFERER=http://localhost/kesehatan/index.php?r=site/login
---
2023/07/01 16:37:05 [error] [exception.CException] CException: Property "LoginForm.errorMessage" is read only. in C:\xampp\htdocs\kesehatan\yii\framework\base\CComponent.php:170
Stack trace:
#0 C:\xampp\htdocs\kesehatan\protected\controllers\SiteController.php(108): CComponent->__set('errorMessage', 'Username or pas...')
#1 C:\xampp\htdocs\kesehatan\yii\framework\web\actions\CInlineAction.php(49): SiteController->actionLogin()
#2 C:\xampp\htdocs\kesehatan\yii\framework\web\CController.php(308): CInlineAction->runWithParams(Array)
#3 C:\xampp\htdocs\kesehatan\yii\framework\web\CController.php(286): CController->runAction(Object(CInlineAction))
#4 C:\xampp\htdocs\kesehatan\yii\framework\web\CController.php(265): CController->runActionWithFilters(Object(CInlineAction), Array)
#5 C:\xampp\htdocs\kesehatan\yii\framework\web\CWebApplication.php(282): CController->run('login')
#6 C:\xampp\htdocs\kesehatan\yii\framework\web\CWebApplication.php(141): CWebApplication->runController('site/login')
#7 C:\xampp\htdocs\kesehatan\yii\framework\base\CApplication.php(185): CWebApplication->processRequest()
#8 C:\xampp\htdocs\kesehatan\index.php(13): CApplication->run()
#9 {main}
REQUEST_URI=/kesehatan/index.php?r=site/login
HTTP_REFERER=http://localhost/kesehatan/index.php?r=site/login
---
2023/07/01 17:09:04 [error] [exception.CDbException] CDbException: CDbConnection.connectionString cannot be empty. in C:\xampp\htdocs\kesehatan\yii\framework\db\CDbConnection.php:387
Stack trace:
#0 C:\xampp\htdocs\kesehatan\yii\framework\db\CDbConnection.php(347): CDbConnection->open()
#1 C:\xampp\htdocs\kesehatan\yii\framework\db\CDbConnection.php(325): CDbConnection->setActive(true)
#2 C:\xampp\htdocs\kesehatan\yii\framework\base\CModule.php(394): CDbConnection->init()
#3 C:\xampp\htdocs\kesehatan\yii\framework\base\CModule.php(103): CModule->getComponent('db')
#4 C:\xampp\htdocs\kesehatan\protected\controllers\SiteController.php(104): CModule->__get('db')
#5 C:\xampp\htdocs\kesehatan\yii\framework\web\actions\CInlineAction.php(49): SiteController->actionLogin()
#6 C:\xampp\htdocs\kesehatan\yii\framework\web\CController.php(308): CInlineAction->runWithParams(Array)
#7 C:\xampp\htdocs\kesehatan\yii\framework\web\CController.php(286): CController->runAction(Object(CInlineAction))
#8 C:\xampp\htdocs\kesehatan\yii\framework\web\CController.php(265): CController->runActionWithFilters(Object(CInlineAction), Array)
#9 C:\xampp\htdocs\kesehatan\yii\framework\web\CWebApplication.php(282): CController->run('login')
#10 C:\xampp\htdocs\kesehatan\yii\framework\web\CWebApplication.php(141): CWebApplication->runController('site/login')
#11 C:\xampp\htdocs\kesehatan\yii\framework\base\CApplication.php(185): CWebApplication->processRequest()
#12 C:\xampp\htdocs\kesehatan\index.php(13): CApplication->run()
#13 {main}
REQUEST_URI=/kesehatan/index.php?r=site/login
HTTP_REFERER=http://localhost/kesehatan/index.php?r=site/login
---
2023/07/01 17:10:35 [error] [exception.CDbException] CDbException: CDbConnection.connectionString cannot be empty. in C:\xampp\htdocs\kesehatan\yii\framework\db\CDbConnection.php:387
Stack trace:
#0 C:\xampp\htdocs\kesehatan\yii\framework\db\CDbConnection.php(347): CDbConnection->open()
#1 C:\xampp\htdocs\kesehatan\yii\framework\db\CDbConnection.php(325): CDbConnection->setActive(true)
#2 C:\xampp\htdocs\kesehatan\yii\framework\base\CModule.php(394): CDbConnection->init()
#3 C:\xampp\htdocs\kesehatan\yii\framework\base\CModule.php(103): CModule->getComponent('db')
#4 C:\xampp\htdocs\kesehatan\protected\controllers\SiteController.php(104): CModule->__get('db')
#5 C:\xampp\htdocs\kesehatan\yii\framework\web\actions\CInlineAction.php(49): SiteController->actionLogin()
#6 C:\xampp\htdocs\kesehatan\yii\framework\web\CController.php(308): CInlineAction->runWithParams(Array)
#7 C:\xampp\htdocs\kesehatan\yii\framework\web\CController.php(286): CController->runAction(Object(CInlineAction))
#8 C:\xampp\htdocs\kesehatan\yii\framework\web\CController.php(265): CController->runActionWithFilters(Object(CInlineAction), Array)
#9 C:\xampp\htdocs\kesehatan\yii\framework\web\CWebApplication.php(282): CController->run('login')
#10 C:\xampp\htdocs\kesehatan\yii\framework\web\CWebApplication.php(141): CWebApplication->runController('site/login')
#11 C:\xampp\htdocs\kesehatan\yii\framework\base\CApplication.php(185): CWebApplication->processRequest()
#12 C:\xampp\htdocs\kesehatan\index.php(13): CApplication->run()
#13 {main}
REQUEST_URI=/kesehatan/index.php?r=site/login
HTTP_REFERER=http://localhost/kesehatan/index.php?r=site/login
---
2023/07/01 17:11:26 [error] [exception.CException] CException: Property "CDbConnection.dbPegawai" is not defined. in C:\xampp\htdocs\kesehatan\yii\framework\base\CComponent.php:173
Stack trace:
#0 C:\xampp\htdocs\kesehatan\yii\framework\YiiBase.php(227): CComponent->__set('dbPegawai', Array)
#1 C:\xampp\htdocs\kesehatan\yii\framework\base\CModule.php(393): YiiBase::createComponent(Array)
#2 C:\xampp\htdocs\kesehatan\yii\framework\base\CModule.php(103): CModule->getComponent('db')
#3 C:\xampp\htdocs\kesehatan\protected\controllers\SiteController.php(104): CModule->__get('db')
#4 C:\xampp\htdocs\kesehatan\yii\framework\web\actions\CInlineAction.php(49): SiteController->actionLogin()
#5 C:\xampp\htdocs\kesehatan\yii\framework\web\CController.php(308): CInlineAction->runWithParams(Array)
#6 C:\xampp\htdocs\kesehatan\yii\framework\web\CController.php(286): CController->runAction(Object(CInlineAction))
#7 C:\xampp\htdocs\kesehatan\yii\framework\web\CController.php(265): CController->runActionWithFilters(Object(CInlineAction), Array)
#8 C:\xampp\htdocs\kesehatan\yii\framework\web\CWebApplication.php(282): CController->run('login')
#9 C:\xampp\htdocs\kesehatan\yii\framework\web\CWebApplication.php(141): CWebApplication->runController('site/login')
#10 C:\xampp\htdocs\kesehatan\yii\framework\base\CApplication.php(185): CWebApplication->processRequest()
#11 C:\xampp\htdocs\kesehatan\index.php(13): CApplication->run()
#12 {main}
REQUEST_URI=/kesehatan/index.php?r=site/login
HTTP_REFERER=http://localhost/kesehatan/index.php?r=site/login
---
2023/07/02 12:05:25 [error] [php] Undefined variable $transaksiObatList (/Users/mac-02/Documents/Unedo/kesehatan/protected/views/site/index.php:27)
Stack trace:
#0 /Users/mac-02/Documents/Unedo/kesehatan/yii/framework/web/CBaseController.php(126): require()
#1 /Users/mac-02/Documents/Unedo/kesehatan/yii/framework/web/CBaseController.php(95): SiteController->renderInternal()
#2 /Users/mac-02/Documents/Unedo/kesehatan/yii/framework/web/CController.php(872): SiteController->renderFile()
#3 /Users/mac-02/Documents/Unedo/kesehatan/yii/framework/web/CController.php(785): SiteController->renderPartial()
#4 /Users/mac-02/Documents/Unedo/kesehatan/protected/controllers/SiteController.php(49): SiteController->render()
#5 /Users/mac-02/Documents/Unedo/kesehatan/yii/framework/web/actions/CInlineAction.php(49): SiteController->actionIndex()
#6 /Users/mac-02/Documents/Unedo/kesehatan/yii/framework/web/CController.php(308): CInlineAction->runWithParams()
#7 /Users/mac-02/Documents/Unedo/kesehatan/yii/framework/web/CController.php(286): SiteController->runAction()
#8 /Users/mac-02/Documents/Unedo/kesehatan/yii/framework/web/CController.php(265): SiteController->runActionWithFilters()
#9 /Users/mac-02/Documents/Unedo/kesehatan/yii/framework/web/CWebApplication.php(282): SiteController->run()
#10 /Users/mac-02/Documents/Unedo/kesehatan/yii/framework/web/CWebApplication.php(141): CWebApplication->runController()
#11 /Users/mac-02/Documents/Unedo/kesehatan/yii/framework/base/CApplication.php(185): CWebApplication->processRequest()
#12 /Users/mac-02/Documents/Unedo/kesehatan/index.php(13): CWebApplication->run()
REQUEST_URI=/kesehatan/
in /Users/mac-02/Documents/Unedo/kesehatan/protected/views/site/index.php (27)
in /Users/mac-02/Documents/Unedo/kesehatan/protected/controllers/SiteController.php (49)
in /Users/mac-02/Documents/Unedo/kesehatan/index.php (13)
2023/07/02 12:15:20 [error] [php] Undefined variable $transaksiObatList (/Users/mac-02/Documents/Unedo/kesehatan/protected/views/site/index.php:27)
Stack trace:
#0 /Users/mac-02/Documents/Unedo/kesehatan/yii/framework/web/CBaseController.php(126): require()
#1 /Users/mac-02/Documents/Unedo/kesehatan/yii/framework/web/CBaseController.php(95): SiteController->renderInternal()
#2 /Users/mac-02/Documents/Unedo/kesehatan/yii/framework/web/CController.php(872): SiteController->renderFile()
#3 /Users/mac-02/Documents/Unedo/kesehatan/yii/framework/web/CController.php(785): SiteController->renderPartial()
#4 /Users/mac-02/Documents/Unedo/kesehatan/protected/controllers/SiteController.php(49): SiteController->render()
#5 /Users/mac-02/Documents/Unedo/kesehatan/yii/framework/web/actions/CInlineAction.php(49): SiteController->actionIndex()
#6 /Users/mac-02/Documents/Unedo/kesehatan/yii/framework/web/CController.php(308): CInlineAction->runWithParams()
#7 /Users/mac-02/Documents/Unedo/kesehatan/yii/framework/web/CController.php(286): SiteController->runAction()
#8 /Users/mac-02/Documents/Unedo/kesehatan/yii/framework/web/CController.php(265): SiteController->runActionWithFilters()
#9 /Users/mac-02/Documents/Unedo/kesehatan/yii/framework/web/CWebApplication.php(282): SiteController->run()
#10 /Users/mac-02/Documents/Unedo/kesehatan/yii/framework/web/CWebApplication.php(141): CWebApplication->runController()
#11 /Users/mac-02/Documents/Unedo/kesehatan/yii/framework/base/CApplication.php(185): CWebApplication->processRequest()
#12 /Users/mac-02/Documents/Unedo/kesehatan/index.php(13): CWebApplication->run()
REQUEST_URI=/kesehatan/
in /Users/mac-02/Documents/Unedo/kesehatan/protected/views/site/index.php (27)
in /Users/mac-02/Documents/Unedo/kesehatan/protected/controllers/SiteController.php (49)
in /Users/mac-02/Documents/Unedo/kesehatan/index.php (13)
2023/07/02 12:16:32 [error] [php] Undefined variable $transaksiObatList (/Users/mac-02/Documents/Unedo/kesehatan/protected/views/site/index.php:27)
Stack trace:
#0 /Users/mac-02/Documents/Unedo/kesehatan/yii/framework/web/CBaseController.php(126): require()
#1 /Users/mac-02/Documents/Unedo/kesehatan/yii/framework/web/CBaseController.php(95): SiteController->renderInternal()
#2 /Users/mac-02/Documents/Unedo/kesehatan/yii/framework/web/CController.php(872): SiteController->renderFile()
#3 /Users/mac-02/Documents/Unedo/kesehatan/yii/framework/web/CController.php(785): SiteController->renderPartial()
#4 /Users/mac-02/Documents/Unedo/kesehatan/protected/controllers/SiteController.php(49): SiteController->render()
#5 /Users/mac-02/Documents/Unedo/kesehatan/yii/framework/web/actions/CInlineAction.php(49): SiteController->actionIndex()
#6 /Users/mac-02/Documents/Unedo/kesehatan/yii/framework/web/CController.php(308): CInlineAction->runWithParams()
#7 /Users/mac-02/Documents/Unedo/kesehatan/yii/framework/web/CController.php(286): SiteController->runAction()
#8 /Users/mac-02/Documents/Unedo/kesehatan/yii/framework/web/CController.php(265): SiteController->runActionWithFilters()
#9 /Users/mac-02/Documents/Unedo/kesehatan/yii/framework/web/CWebApplication.php(282): SiteController->run()
#10 /Users/mac-02/Documents/Unedo/kesehatan/yii/framework/web/CWebApplication.php(141): CWebApplication->runController()
#11 /Users/mac-02/Documents/Unedo/kesehatan/yii/framework/base/CApplication.php(185): CWebApplication->processRequest()
#12 /Users/mac-02/Documents/Unedo/kesehatan/index.php(13): CWebApplication->run()
REQUEST_URI=/kesehatan/
in /Users/mac-02/Documents/Unedo/kesehatan/protected/views/site/index.php (27)
in /Users/mac-02/Documents/Unedo/kesehatan/protected/controllers/SiteController.php (49)
in /Users/mac-02/Documents/Unedo/kesehatan/index.php (13)
2023/07/02 12:16:56 [error] [php] Undefined variable $transaksiObatList (/Users/mac-02/Documents/Unedo/kesehatan/protected/views/site/index.php:27)
Stack trace:
#0 /Users/mac-02/Documents/Unedo/kesehatan/yii/framework/web/CBaseController.php(126): require()
#1 /Users/mac-02/Documents/Unedo/kesehatan/yii/framework/web/CBaseController.php(95): SiteController->renderInternal()
#2 /Users/mac-02/Documents/Unedo/kesehatan/yii/framework/web/CController.php(872): SiteController->renderFile()
#3 /Users/mac-02/Documents/Unedo/kesehatan/yii/framework/web/CController.php(785): SiteController->renderPartial()
#4 /Users/mac-02/Documents/Unedo/kesehatan/protected/controllers/SiteController.php(49): SiteController->render()
#5 /Users/mac-02/Documents/Unedo/kesehatan/yii/framework/web/actions/CInlineAction.php(49): SiteController->actionIndex()
#6 /Users/mac-02/Documents/Unedo/kesehatan/yii/framework/web/CController.php(308): CInlineAction->runWithParams()
#7 /Users/mac-02/Documents/Unedo/kesehatan/yii/framework/web/CController.php(286): SiteController->runAction()
#8 /Users/mac-02/Documents/Unedo/kesehatan/yii/framework/web/CController.php(265): SiteController->runActionWithFilters()
#9 /Users/mac-02/Documents/Unedo/kesehatan/yii/framework/web/CWebApplication.php(282): SiteController->run()
#10 /Users/mac-02/Documents/Unedo/kesehatan/yii/framework/web/CWebApplication.php(141): CWebApplication->runController()
#11 /Users/mac-02/Documents/Unedo/kesehatan/yii/framework/base/CApplication.php(185): CWebApplication->processRequest()
#12 /Users/mac-02/Documents/Unedo/kesehatan/index.php(13): CWebApplication->run()
REQUEST_URI=/kesehatan/
in /Users/mac-02/Documents/Unedo/kesehatan/protected/views/site/index.php (27)
in /Users/mac-02/Documents/Unedo/kesehatan/protected/controllers/SiteController.php (49)
in /Users/mac-02/Documents/Unedo/kesehatan/index.php (13)
2023/07/02 12:26:09 [error] [exception.CDbException] CDbException: CDbConnection failed to open the DB connection: SQLSTATE[08006] [7] connection to server at "localhost" (::1), port 5432 failed: fe_sendauth: no password supplied in /Users/mac-02/Documents/Unedo/kesehatan/yii/framework/db/CDbConnection.php:399
Stack trace:
#0 /Users/mac-02/Documents/Unedo/kesehatan/yii/framework/db/CDbConnection.php(347): CDbConnection->open()
#1 /Users/mac-02/Documents/Unedo/kesehatan/yii/framework/db/CDbConnection.php(325): CDbConnection->setActive(true)
#2 /Users/mac-02/Documents/Unedo/kesehatan/yii/framework/base/CModule.php(394): CDbConnection->init()
#3 /Users/mac-02/Documents/Unedo/kesehatan/yii/framework/base/CModule.php(103): CModule->getComponent('db')
#4 /Users/mac-02/Documents/Unedo/kesehatan/protected/controllers/SiteController.php(104): CModule->__get('db')
#5 /Users/mac-02/Documents/Unedo/kesehatan/yii/framework/web/actions/CInlineAction.php(49): SiteController->actionLogin()
#6 /Users/mac-02/Documents/Unedo/kesehatan/yii/framework/web/CController.php(308): CInlineAction->runWithParams(Array)
#7 /Users/mac-02/Documents/Unedo/kesehatan/yii/framework/web/CController.php(286): CController->runAction(Object(CInlineAction))
#8 /Users/mac-02/Documents/Unedo/kesehatan/yii/framework/web/CController.php(265): CController->runActionWithFilters(Object(CInlineAction), Array)
#9 /Users/mac-02/Documents/Unedo/kesehatan/yii/framework/web/CWebApplication.php(282): CController->run('login')
#10 /Users/mac-02/Documents/Unedo/kesehatan/yii/framework/web/CWebApplication.php(141): CWebApplication->runController('site/login')
#11 /Users/mac-02/Documents/Unedo/kesehatan/yii/framework/base/CApplication.php(185): CWebApplication->processRequest()
#12 /Users/mac-02/Documents/Unedo/kesehatan/index.php(13): CApplication->run()
#13 {main}
REQUEST_URI=/kesehatan/index.php?r=site/login
HTTP_REFERER=http://localhost/kesehatan/index.php?r=site/login
---
2023/07/02 12:27:22 [error] [exception.CHttpException.404] CHttpException: Unable to resolve the request "login". in /Users/mac-02/Documents/Unedo/kesehatan/yii/framework/web/CWebApplication.php:286
Stack trace:
#0 /Users/mac-02/Documents/Unedo/kesehatan/yii/framework/web/CWebApplication.php(141): CWebApplication->runController('login')
#1 /Users/mac-02/Documents/Unedo/kesehatan/yii/framework/base/CApplication.php(185): CWebApplication->processRequest()
#2 /Users/mac-02/Documents/Unedo/kesehatan/index.php(13): CApplication->run()
#3 {main}
REQUEST_URI=/kesehatan/index.php?r=login
---
2023/07/02 12:27:57 [error] [exception.CHttpException.404] CHttpException: Unable to resolve the request "login". in /Users/mac-02/Documents/Unedo/kesehatan/yii/framework/web/CWebApplication.php:286
Stack trace:
#0 /Users/mac-02/Documents/Unedo/kesehatan/yii/framework/web/CWebApplication.php(141): CWebApplication->runController('login')
#1 /Users/mac-02/Documents/Unedo/kesehatan/yii/framework/base/CApplication.php(185): CWebApplication->processRequest()
#2 /Users/mac-02/Documents/Unedo/kesehatan/index.php(13): CApplication->run()
#3 {main}
REQUEST_URI=/kesehatan/index.php?r=login
---
2023/07/02 12:31:43 [error] [exception.CHttpException.404] CHttpException: Unable to resolve the request "gii". in /Users/mac-02/Documents/Unedo/kesehatan/yii/framework/web/CWebApplication.php:286
Stack trace:
#0 /Users/mac-02/Documents/Unedo/kesehatan/yii/framework/web/CWebApplication.php(141): CWebApplication->runController('gii')
#1 /Users/mac-02/Documents/Unedo/kesehatan/yii/framework/base/CApplication.php(185): CWebApplication->processRequest()
#2 /Users/mac-02/Documents/Unedo/kesehatan/index.php(13): CApplication->run()
#3 {main}
REQUEST_URI=/kesehatan/index.php?r=gii
---
2023/07/02 12:34:48 [error] [exception.CDbException] CDbException: CDbConnection failed to open the DB connection: SQLSTATE[08006] [7] connection to server at "localhost" (::1), port 5432 failed: fe_sendauth: no password supplied in /Users/mac-02/Documents/Unedo/kesehatan/yii/framework/db/CDbConnection.php:399
Stack trace:
#0 /Users/mac-02/Documents/Unedo/kesehatan/yii/framework/db/CDbConnection.php(347): CDbConnection->open()
#1 /Users/mac-02/Documents/Unedo/kesehatan/yii/framework/db/CDbConnection.php(325): CDbConnection->setActive(true)
#2 /Users/mac-02/Documents/Unedo/kesehatan/yii/framework/base/CModule.php(394): CDbConnection->init()
#3 /Users/mac-02/Documents/Unedo/kesehatan/yii/framework/base/CModule.php(103): CModule->getComponent('db')
#4 /Users/mac-02/Documents/Unedo/kesehatan/yii/framework/gii/generators/crud/CrudCode.php(44): CModule->__get('db')
#5 /Users/mac-02/Documents/Unedo/kesehatan/yii/framework/web/CFormModel.php(39): CrudCode->init()
#6 /Users/mac-02/Documents/Unedo/kesehatan/yii/framework/gii/CCodeGenerator.php(153): CFormModel->__construct()
#7 /Users/mac-02/Documents/Unedo/kesehatan/yii/framework/gii/CCodeGenerator.php(63): CCodeGenerator->prepare()
#8 /Users/mac-02/Documents/Unedo/kesehatan/yii/framework/web/actions/CInlineAction.php(49): CCodeGenerator->actionIndex()
#9 /Users/mac-02/Documents/Unedo/kesehatan/yii/framework/web/CController.php(308): CInlineAction->runWithParams(Array)
#10 /Users/mac-02/Documents/Unedo/kesehatan/yii/framework/web/CController.php(286): CController->runAction(Object(CInlineAction))
#11 /Users/mac-02/Documents/Unedo/kesehatan/yii/framework/web/CController.php(265): CController->runActionWithFilters(Object(CInlineAction), Array)
#12 /Users/mac-02/Documents/Unedo/kesehatan/yii/framework/web/CWebApplication.php(282): CController->run('index')
#13 /Users/mac-02/Documents/Unedo/kesehatan/yii/framework/web/CWebApplication.php(141): CWebApplication->runController('gii/crud/index')
#14 /Users/mac-02/Documents/Unedo/kesehatan/yii/framework/base/CApplication.php(185): CWebApplication->processRequest()
#15 /Users/mac-02/Documents/Unedo/kesehatan/index.php(13): CApplication->run()
#16 {main}
REQUEST_URI=/kesehatan/index.php?r=gii/crud/index
HTTP_REFERER=http://localhost/kesehatan/index.php?r=gii/default/index
---
2023/07/02 12:40:22 [error] [system.db.CDbCommand] CDbCommand::fetch() failed: SQLSTATE[42P01]: Undefined table: 7 ERROR:  relation "pegawai" does not exist
LINE 2: FROM "pegawai"
             ^. The SQL statement executed was: SELECT *
FROM "pegawai"
WHERE username=:username.
in /Users/mac-02/Documents/Unedo/kesehatan/protected/controllers/SiteController.php (105)
in /Users/mac-02/Documents/Unedo/kesehatan/index.php (13)
2023/07/02 12:40:22 [error] [exception.CDbException] CDbException: CDbCommand failed to execute the SQL statement: SQLSTATE[42P01]: Undefined table: 7 ERROR:  relation "pegawai" does not exist
LINE 2: FROM "pegawai"
             ^. The SQL statement executed was: SELECT *
FROM "pegawai"
WHERE username=:username in /Users/mac-02/Documents/Unedo/kesehatan/yii/framework/db/CDbCommand.php:543
Stack trace:
#0 /Users/mac-02/Documents/Unedo/kesehatan/yii/framework/db/CDbCommand.php(415): CDbCommand->queryInternal('fetch', Array, Array)
#1 /Users/mac-02/Documents/Unedo/kesehatan/protected/controllers/SiteController.php(105): CDbCommand->queryRow()
#2 /Users/mac-02/Documents/Unedo/kesehatan/yii/framework/web/actions/CInlineAction.php(49): SiteController->actionLogin()
#3 /Users/mac-02/Documents/Unedo/kesehatan/yii/framework/web/CController.php(308): CInlineAction->runWithParams(Array)
#4 /Users/mac-02/Documents/Unedo/kesehatan/yii/framework/web/CController.php(286): CController->runAction(Object(CInlineAction))
#5 /Users/mac-02/Documents/Unedo/kesehatan/yii/framework/web/CController.php(265): CController->runActionWithFilters(Object(CInlineAction), Array)
#6 /Users/mac-02/Documents/Unedo/kesehatan/yii/framework/web/CWebApplication.php(282): CController->run('login')
#7 /Users/mac-02/Documents/Unedo/kesehatan/yii/framework/web/CWebApplication.php(141): CWebApplication->runController('site/login')
#8 /Users/mac-02/Documents/Unedo/kesehatan/yii/framework/base/CApplication.php(185): CWebApplication->processRequest()
#9 /Users/mac-02/Documents/Unedo/kesehatan/index.php(13): CApplication->run()
#10 {main}
REQUEST_URI=/kesehatan/index.php?r=site/login
HTTP_REFERER=http://localhost/kesehatan/index.php?r=site/login
---
2023/07/02 12:43:07 [error] [system.db.CDbCommand] CDbCommand::fetch() failed: SQLSTATE[42P01]: Undefined table: 7 ERROR:  relation "loginpemakai_M" does not exist
LINE 2: FROM "loginpemakai_M"
             ^. The SQL statement executed was: SELECT *
FROM "loginpemakai_M"
WHERE user_nama=:username.
in /Users/mac-02/Documents/Unedo/kesehatan/protected/controllers/SiteController.php (105)
in /Users/mac-02/Documents/Unedo/kesehatan/index.php (13)
2023/07/02 12:43:07 [error] [exception.CDbException] CDbException: CDbCommand failed to execute the SQL statement: SQLSTATE[42P01]: Undefined table: 7 ERROR:  relation "loginpemakai_M" does not exist
LINE 2: FROM "loginpemakai_M"
             ^. The SQL statement executed was: SELECT *
FROM "loginpemakai_M"
WHERE user_nama=:username in /Users/mac-02/Documents/Unedo/kesehatan/yii/framework/db/CDbCommand.php:543
Stack trace:
#0 /Users/mac-02/Documents/Unedo/kesehatan/yii/framework/db/CDbCommand.php(415): CDbCommand->queryInternal('fetch', Array, Array)
#1 /Users/mac-02/Documents/Unedo/kesehatan/protected/controllers/SiteController.php(105): CDbCommand->queryRow()
#2 /Users/mac-02/Documents/Unedo/kesehatan/yii/framework/web/actions/CInlineAction.php(49): SiteController->actionLogin()
#3 /Users/mac-02/Documents/Unedo/kesehatan/yii/framework/web/CController.php(308): CInlineAction->runWithParams(Array)
#4 /Users/mac-02/Documents/Unedo/kesehatan/yii/framework/web/CController.php(286): CController->runAction(Object(CInlineAction))
#5 /Users/mac-02/Documents/Unedo/kesehatan/yii/framework/web/CController.php(265): CController->runActionWithFilters(Object(CInlineAction), Array)
#6 /Users/mac-02/Documents/Unedo/kesehatan/yii/framework/web/CWebApplication.php(282): CController->run('login')
#7 /Users/mac-02/Documents/Unedo/kesehatan/yii/framework/web/CWebApplication.php(141): CWebApplication->runController('site/login')
#8 /Users/mac-02/Documents/Unedo/kesehatan/yii/framework/base/CApplication.php(185): CWebApplication->processRequest()
#9 /Users/mac-02/Documents/Unedo/kesehatan/index.php(13): CApplication->run()
#10 {main}
REQUEST_URI=/kesehatan/index.php?r=site/login
HTTP_REFERER=http://localhost/kesehatan/index.php?r=site/login
---
2023/07/02 12:43:33 [error] [php] Undefined array key "password" (/Users/mac-02/Documents/Unedo/kesehatan/protected/controllers/SiteController.php:107)
Stack trace:
#0 /Users/mac-02/Documents/Unedo/kesehatan/yii/framework/web/actions/CInlineAction.php(49): SiteController->actionLogin()
#1 /Users/mac-02/Documents/Unedo/kesehatan/yii/framework/web/CController.php(308): CInlineAction->runWithParams()
#2 /Users/mac-02/Documents/Unedo/kesehatan/yii/framework/web/CController.php(286): SiteController->runAction()
#3 /Users/mac-02/Documents/Unedo/kesehatan/yii/framework/web/CController.php(265): SiteController->runActionWithFilters()
#4 /Users/mac-02/Documents/Unedo/kesehatan/yii/framework/web/CWebApplication.php(282): SiteController->run()
#5 /Users/mac-02/Documents/Unedo/kesehatan/yii/framework/web/CWebApplication.php(141): CWebApplication->runController()
#6 /Users/mac-02/Documents/Unedo/kesehatan/yii/framework/base/CApplication.php(185): CWebApplication->processRequest()
#7 /Users/mac-02/Documents/Unedo/kesehatan/index.php(13): CWebApplication->run()
REQUEST_URI=/kesehatan/index.php?r=site/login
in /Users/mac-02/Documents/Unedo/kesehatan/protected/controllers/SiteController.php (107)
in /Users/mac-02/Documents/Unedo/kesehatan/index.php (13)
2023/07/02 12:44:15 [error] [system.db.CDbCommand] CDbCommand::fetch() failed: SQLSTATE[42P01]: Undefined table: 7 ERROR:  relation "user" does not exist
LINE 2: FROM "user"
             ^. The SQL statement executed was: SELECT *
FROM "user"
WHERE username=:username.
in /Users/mac-02/Documents/Unedo/kesehatan/protected/controllers/SiteController.php (116)
in /Users/mac-02/Documents/Unedo/kesehatan/index.php (13)
2023/07/02 12:44:15 [error] [exception.CDbException] CDbException: CDbCommand failed to execute the SQL statement: SQLSTATE[42P01]: Undefined table: 7 ERROR:  relation "user" does not exist
LINE 2: FROM "user"
             ^. The SQL statement executed was: SELECT *
FROM "user"
WHERE username=:username in /Users/mac-02/Documents/Unedo/kesehatan/yii/framework/db/CDbCommand.php:543
Stack trace:
#0 /Users/mac-02/Documents/Unedo/kesehatan/yii/framework/db/CDbCommand.php(415): CDbCommand->queryInternal('fetch', Array, Array)
#1 /Users/mac-02/Documents/Unedo/kesehatan/protected/controllers/SiteController.php(116): CDbCommand->queryRow()
#2 /Users/mac-02/Documents/Unedo/kesehatan/yii/framework/web/actions/CInlineAction.php(49): SiteController->actionLogin()
#3 /Users/mac-02/Documents/Unedo/kesehatan/yii/framework/web/CController.php(308): CInlineAction->runWithParams(Array)
#4 /Users/mac-02/Documents/Unedo/kesehatan/yii/framework/web/CController.php(286): CController->runAction(Object(CInlineAction))
#5 /Users/mac-02/Documents/Unedo/kesehatan/yii/framework/web/CController.php(265): CController->runActionWithFilters(Object(CInlineAction), Array)
#6 /Users/mac-02/Documents/Unedo/kesehatan/yii/framework/web/CWebApplication.php(282): CController->run('login')
#7 /Users/mac-02/Documents/Unedo/kesehatan/yii/framework/web/CWebApplication.php(141): CWebApplication->runController('site/login')
#8 /Users/mac-02/Documents/Unedo/kesehatan/yii/framework/base/CApplication.php(185): CWebApplication->processRequest()
#9 /Users/mac-02/Documents/Unedo/kesehatan/index.php(13): CApplication->run()
#10 {main}
REQUEST_URI=/kesehatan/index.php?r=site/login
HTTP_REFERER=http://localhost/kesehatan/index.php?r=site/login
---
2023/07/02 12:55:54 [error] [exception.CHttpException.404] CHttpException: The system is unable to find the requested action "create". in /Users/mac-02/Documents/Unedo/kesehatan/yii/framework/web/CController.php:486
Stack trace:
#0 /Users/mac-02/Documents/Unedo/kesehatan/yii/framework/web/CController.php(270): CController->missingAction('create')
#1 /Users/mac-02/Documents/Unedo/kesehatan/yii/framework/web/CWebApplication.php(282): CController->run('create')
#2 /Users/mac-02/Documents/Unedo/kesehatan/yii/framework/web/CWebApplication.php(141): CWebApplication->runController('site/create')
#3 /Users/mac-02/Documents/Unedo/kesehatan/yii/framework/base/CApplication.php(185): CWebApplication->processRequest()
#4 /Users/mac-02/Documents/Unedo/kesehatan/index.php(13): CApplication->run()
#5 {main}
REQUEST_URI=/kesehatan/index.php?r=site/create
HTTP_REFERER=http://localhost/kesehatan/index.php?r=site/index
---
2023/07/02 12:58:30 [error] [exception.CException] CException: Property "LoginpemakaiM.password" is not defined. in /Users/mac-02/Documents/Unedo/kesehatan/yii/framework/base/CComponent.php:130
Stack trace:
#0 /Users/mac-02/Documents/Unedo/kesehatan/yii/framework/db/ar/CActiveRecord.php(145): CComponent->__get('password')
#1 /Users/mac-02/Documents/Unedo/kesehatan/protected/controllers/LoginPemakaiMController.php(73): CActiveRecord->__get('password')
#2 /Users/mac-02/Documents/Unedo/kesehatan/yii/framework/web/actions/CInlineAction.php(49): LoginpemakaiMController->actionCreate()
#3 /Users/mac-02/Documents/Unedo/kesehatan/yii/framework/web/CController.php(308): CInlineAction->runWithParams(Array)
#4 /Users/mac-02/Documents/Unedo/kesehatan/yii/framework/web/filters/CFilterChain.php(134): CController->runAction(Object(CInlineAction))
#5 /Users/mac-02/Documents/Unedo/kesehatan/yii/framework/web/filters/CFilter.php(40): CFilterChain->run()
#6 /Users/mac-02/Documents/Unedo/kesehatan/yii/framework/web/CController.php(1148): CFilter->filter(Object(CFilterChain))
#7 /Users/mac-02/Documents/Unedo/kesehatan/yii/framework/web/filters/CInlineFilter.php(58): CController->filterAccessControl(Object(CFilterChain))
#8 /Users/mac-02/Documents/Unedo/kesehatan/yii/framework/web/filters/CFilterChain.php(131): CInlineFilter->filter(Object(CFilterChain))
#9 /Users/mac-02/Documents/Unedo/kesehatan/yii/framework/web/CController.php(291): CFilterChain->run()
#10 /Users/mac-02/Documents/Unedo/kesehatan/yii/framework/web/CController.php(265): CController->runActionWithFilters(Object(CInlineAction), Array)
#11 /Users/mac-02/Documents/Unedo/kesehatan/yii/framework/web/CWebApplication.php(282): CController->run('create')
#12 /Users/mac-02/Documents/Unedo/kesehatan/yii/framework/web/CWebApplication.php(141): CWebApplication->runController('loginPemakaiM/c...')
#13 /Users/mac-02/Documents/Unedo/kesehatan/yii/framework/base/CApplication.php(185): CWebApplication->processRequest()
#14 /Users/mac-02/Documents/Unedo/kesehatan/index.php(13): CApplication->run()
#15 {main}
REQUEST_URI=/kesehatan/index.php?r=loginPemakaiM/create
HTTP_REFERER=http://localhost/kesehatan/index.php?r=loginPemakaiM/create
---
2023/07/02 12:59:05 [error] [php] Undefined array key "id" (/Users/mac-02/Documents/Unedo/kesehatan/protected/controllers/SiteController.php:108)
Stack trace:
#0 /Users/mac-02/Documents/Unedo/kesehatan/yii/framework/web/actions/CInlineAction.php(49): SiteController->actionLogin()
#1 /Users/mac-02/Documents/Unedo/kesehatan/yii/framework/web/CController.php(308): CInlineAction->runWithParams()
#2 /Users/mac-02/Documents/Unedo/kesehatan/yii/framework/web/CController.php(286): SiteController->runAction()
#3 /Users/mac-02/Documents/Unedo/kesehatan/yii/framework/web/CController.php(265): SiteController->runActionWithFilters()
#4 /Users/mac-02/Documents/Unedo/kesehatan/yii/framework/web/CWebApplication.php(282): SiteController->run()
#5 /Users/mac-02/Documents/Unedo/kesehatan/yii/framework/web/CWebApplication.php(141): CWebApplication->runController()
#6 /Users/mac-02/Documents/Unedo/kesehatan/yii/framework/base/CApplication.php(185): CWebApplication->processRequest()
#7 /Users/mac-02/Documents/Unedo/kesehatan/index.php(13): CWebApplication->run()
REQUEST_URI=/kesehatan/index.php?r=site/login
in /Users/mac-02/Documents/Unedo/kesehatan/protected/controllers/SiteController.php (108)
in /Users/mac-02/Documents/Unedo/kesehatan/index.php (13)
2023/07/02 12:59:52 [error] [exception.Error] Error: Call to a member function getId() on int in /Users/mac-02/Documents/Unedo/kesehatan/yii/framework/web/auth/CWebUser.php:231
Stack trace:
#0 /Users/mac-02/Documents/Unedo/kesehatan/protected/controllers/SiteController.php(108): CWebUser->login(2, 'pegawai')
#1 /Users/mac-02/Documents/Unedo/kesehatan/yii/framework/web/actions/CInlineAction.php(49): SiteController->actionLogin()
#2 /Users/mac-02/Documents/Unedo/kesehatan/yii/framework/web/CController.php(308): CInlineAction->runWithParams(Array)
#3 /Users/mac-02/Documents/Unedo/kesehatan/yii/framework/web/CController.php(286): CController->runAction(Object(CInlineAction))
#4 /Users/mac-02/Documents/Unedo/kesehatan/yii/framework/web/CController.php(265): CController->runActionWithFilters(Object(CInlineAction), Array)
#5 /Users/mac-02/Documents/Unedo/kesehatan/yii/framework/web/CWebApplication.php(282): CController->run('login')
#6 /Users/mac-02/Documents/Unedo/kesehatan/yii/framework/web/CWebApplication.php(141): CWebApplication->runController('site/login')
#7 /Users/mac-02/Documents/Unedo/kesehatan/yii/framework/base/CApplication.php(185): CWebApplication->processRequest()
#8 /Users/mac-02/Documents/Unedo/kesehatan/index.php(13): CApplication->run()
#9 {main}
REQUEST_URI=/kesehatan/index.php?r=site/login
HTTP_REFERER=http://localhost/kesehatan/index.php?r=site/login
---
2023/07/02 13:01:13 [error] [exception.Error] Error: Call to a member function getId() on int in /Users/mac-02/Documents/Unedo/kesehatan/yii/framework/web/auth/CWebUser.php:231
Stack trace:
#0 /Users/mac-02/Documents/Unedo/kesehatan/protected/controllers/SiteController.php(108): CWebUser->login(2, 'user_id')
#1 /Users/mac-02/Documents/Unedo/kesehatan/yii/framework/web/actions/CInlineAction.php(49): SiteController->actionLogin()
#2 /Users/mac-02/Documents/Unedo/kesehatan/yii/framework/web/CController.php(308): CInlineAction->runWithParams(Array)
#3 /Users/mac-02/Documents/Unedo/kesehatan/yii/framework/web/CController.php(286): CController->runAction(Object(CInlineAction))
#4 /Users/mac-02/Documents/Unedo/kesehatan/yii/framework/web/CController.php(265): CController->runActionWithFilters(Object(CInlineAction), Array)
#5 /Users/mac-02/Documents/Unedo/kesehatan/yii/framework/web/CWebApplication.php(282): CController->run('login')
#6 /Users/mac-02/Documents/Unedo/kesehatan/yii/framework/web/CWebApplication.php(141): CWebApplication->runController('site/login')
#7 /Users/mac-02/Documents/Unedo/kesehatan/yii/framework/base/CApplication.php(185): CWebApplication->processRequest()
#8 /Users/mac-02/Documents/Unedo/kesehatan/index.php(13): CApplication->run()
#9 {main}
REQUEST_URI=/kesehatan/index.php?r=site/login
HTTP_REFERER=http://localhost/kesehatan/index.php?r=site/login
---
2023/07/02 13:05:51 [error] [exception.Error] Error: Call to a member function getId() on int in /Users/mac-02/Documents/Unedo/kesehatan/yii/framework/web/auth/CWebUser.php:231
Stack trace:
#0 /Users/mac-02/Documents/Unedo/kesehatan/protected/controllers/SiteController.php(111): CWebUser->login(2, 86400)
#1 /Users/mac-02/Documents/Unedo/kesehatan/yii/framework/web/actions/CInlineAction.php(49): SiteController->actionLogin()
#2 /Users/mac-02/Documents/Unedo/kesehatan/yii/framework/web/CController.php(308): CInlineAction->runWithParams(Array)
#3 /Users/mac-02/Documents/Unedo/kesehatan/yii/framework/web/CController.php(286): CController->runAction(Object(CInlineAction))
#4 /Users/mac-02/Documents/Unedo/kesehatan/yii/framework/web/CController.php(265): CController->runActionWithFilters(Object(CInlineAction), Array)
#5 /Users/mac-02/Documents/Unedo/kesehatan/yii/framework/web/CWebApplication.php(282): CController->run('login')
#6 /Users/mac-02/Documents/Unedo/kesehatan/yii/framework/web/CWebApplication.php(141): CWebApplication->runController('site/login')
#7 /Users/mac-02/Documents/Unedo/kesehatan/yii/framework/base/CApplication.php(185): CWebApplication->processRequest()
#8 /Users/mac-02/Documents/Unedo/kesehatan/index.php(13): CApplication->run()
#9 {main}
REQUEST_URI=/kesehatan/index.php?r=site/login
HTTP_REFERER=http://localhost/kesehatan/index.php?r=site/login
---
2023/07/02 13:50:38 [error] [exception.CHttpException.404] CHttpException: The system is unable to find the requested action "indexpegawai". in /Users/mac-02/Documents/Unedo/kesehatan/yii/framework/web/CController.php:486
Stack trace:
#0 /Users/mac-02/Documents/Unedo/kesehatan/yii/framework/web/CController.php(270): CController->missingAction('indexpegawai')
#1 /Users/mac-02/Documents/Unedo/kesehatan/yii/framework/web/CWebApplication.php(282): CController->run('indexpegawai')
#2 /Users/mac-02/Documents/Unedo/kesehatan/yii/framework/web/CWebApplication.php(141): CWebApplication->runController('site/indexpegaw...')
#3 /Users/mac-02/Documents/Unedo/kesehatan/yii/framework/base/CApplication.php(185): CWebApplication->processRequest()
#4 /Users/mac-02/Documents/Unedo/kesehatan/index.php(13): CApplication->run()
#5 {main}
REQUEST_URI=/kesehatan/index.php?r=site/indexpegawai
HTTP_REFERER=http://localhost/kesehatan/index.php?r=site/login
---
2023/07/02 17:58:53 [error] [exception.CDbException] CDbException: CDbConnection failed to open the DB connection: could not find driver in C:\xampp\htdocs\kesehatan\yii\framework\db\CDbConnection.php:399
Stack trace:
#0 C:\xampp\htdocs\kesehatan\yii\framework\db\CDbConnection.php(347): CDbConnection->open()
#1 C:\xampp\htdocs\kesehatan\yii\framework\db\CDbConnection.php(325): CDbConnection->setActive(true)
#2 C:\xampp\htdocs\kesehatan\yii\framework\base\CModule.php(394): CDbConnection->init()
#3 C:\xampp\htdocs\kesehatan\yii\framework\base\CApplication.php(459): CModule->getComponent('db')
#4 C:\xampp\htdocs\kesehatan\yii\framework\db\ar\CActiveRecord.php(639): CApplication->getDb()
#5 C:\xampp\htdocs\kesehatan\yii\framework\db\ar\CActiveRecord.php(672): CActiveRecord->getDbConnection()
#6 C:\xampp\htdocs\kesehatan\yii\framework\db\ar\CActiveRecord.php(1604): CActiveRecord->getCommandBuilder()
#7 C:\xampp\htdocs\kesehatan\yii\framework\web\CActiveDataProvider.php(228): CActiveRecord->count(Object(CDbCriteria))
#8 C:\xampp\htdocs\kesehatan\yii\framework\web\CDataProvider.php(224): CActiveDataProvider->calculateTotalItemCount()
#9 C:\xampp\htdocs\kesehatan\yii\framework\web\CActiveDataProvider.php(178): CDataProvider->getTotalItemCount()
#10 C:\xampp\htdocs\kesehatan\yii\framework\web\CDataProvider.php(168): CActiveDataProvider->fetchData()
#11 C:\xampp\htdocs\kesehatan\yii\framework\zii\widgets\CBaseListView.php(125): CDataProvider->getData()
#12 C:\xampp\htdocs\kesehatan\yii\framework\zii\widgets\CListView.php(211): CBaseListView->init()
#13 C:\xampp\htdocs\kesehatan\yii\framework\web\CBaseController.php(147): CListView->init()
#14 C:\xampp\htdocs\kesehatan\yii\framework\web\CBaseController.php(181): CBaseController->createWidget('zii.widgets.CLi...', Array)
#15 C:\xampp\htdocs\kesehatan\protected\views\obatM\index.php(17): CBaseController->widget('zii.widgets.CLi...', Array)
#16 C:\xampp\htdocs\kesehatan\yii\framework\web\CBaseController.php(126): require('C:\\xampp\\htdocs...')
#17 C:\xampp\htdocs\kesehatan\yii\framework\web\CBaseController.php(95): CBaseController->renderInternal('C:\\xampp\\htdocs...', Array, true)
#18 C:\xampp\htdocs\kesehatan\yii\framework\web\CController.php(872): CBaseController->renderFile('C:\\xampp\\htdocs...', Array, true)
#19 C:\xampp\htdocs\kesehatan\yii\framework\web\CController.php(785): CController->renderPartial('index', Array, true)
#20 C:\xampp\htdocs\kesehatan\protected\controllers\ObatMController.php(126): CController->render('index', Array)
#21 C:\xampp\htdocs\kesehatan\yii\framework\web\actions\CInlineAction.php(49): ObatMController->actionIndex()
#22 C:\xampp\htdocs\kesehatan\yii\framework\web\CController.php(308): CInlineAction->runWithParams(Array)
#23 C:\xampp\htdocs\kesehatan\yii\framework\web\filters\CFilterChain.php(134): CController->runAction(Object(CInlineAction))
#24 C:\xampp\htdocs\kesehatan\yii\framework\web\filters\CFilter.php(40): CFilterChain->run()
#25 C:\xampp\htdocs\kesehatan\yii\framework\web\CController.php(1148): CFilter->filter(Object(CFilterChain))
#26 C:\xampp\htdocs\kesehatan\yii\framework\web\filters\CInlineFilter.php(58): CController->filterAccessControl(Object(CFilterChain))
#27 C:\xampp\htdocs\kesehatan\yii\framework\web\filters\CFilterChain.php(131): CInlineFilter->filter(Object(CFilterChain))
#28 C:\xampp\htdocs\kesehatan\yii\framework\web\CController.php(291): CFilterChain->run()
#29 C:\xampp\htdocs\kesehatan\yii\framework\web\CController.php(265): CController->runActionWithFilters(Object(CInlineAction), Array)
#30 C:\xampp\htdocs\kesehatan\yii\framework\web\CWebApplication.php(282): CController->run('index')
#31 C:\xampp\htdocs\kesehatan\yii\framework\web\CWebApplication.php(141): CWebApplication->runController('obatM/index')
#32 C:\xampp\htdocs\kesehatan\yii\framework\base\CApplication.php(185): CWebApplication->processRequest()
#33 C:\xampp\htdocs\kesehatan\index.php(13): CApplication->run()
#34 {main}
REQUEST_URI=/kesehatan/index.php?r=obatM/index
HTTP_REFERER=http://localhost/kesehatan/
---
2023/07/02 18:01:04 [error] [exception.CDbException] CDbException: CDbConnection failed to open the DB connection: SQLSTATE[HY000] [2006] MySQL server has gone away in C:\xampp\htdocs\kesehatan\yii\framework\db\CDbConnection.php:399
Stack trace:
#0 C:\xampp\htdocs\kesehatan\yii\framework\db\CDbConnection.php(347): CDbConnection->open()
#1 C:\xampp\htdocs\kesehatan\yii\framework\db\CDbConnection.php(325): CDbConnection->setActive(true)
#2 C:\xampp\htdocs\kesehatan\yii\framework\base\CModule.php(394): CDbConnection->init()
#3 C:\xampp\htdocs\kesehatan\yii\framework\base\CApplication.php(459): CModule->getComponent('db')
#4 C:\xampp\htdocs\kesehatan\yii\framework\db\ar\CActiveRecord.php(639): CApplication->getDb()
#5 C:\xampp\htdocs\kesehatan\yii\framework\db\ar\CActiveRecord.php(672): CActiveRecord->getDbConnection()
#6 C:\xampp\htdocs\kesehatan\yii\framework\db\ar\CActiveRecord.php(1604): CActiveRecord->getCommandBuilder()
#7 C:\xampp\htdocs\kesehatan\yii\framework\web\CActiveDataProvider.php(228): CActiveRecord->count(Object(CDbCriteria))
#8 C:\xampp\htdocs\kesehatan\yii\framework\web\CDataProvider.php(224): CActiveDataProvider->calculateTotalItemCount()
#9 C:\xampp\htdocs\kesehatan\yii\framework\web\CActiveDataProvider.php(178): CDataProvider->getTotalItemCount()
#10 C:\xampp\htdocs\kesehatan\yii\framework\web\CDataProvider.php(168): CActiveDataProvider->fetchData()
#11 C:\xampp\htdocs\kesehatan\yii\framework\zii\widgets\CBaseListView.php(125): CDataProvider->getData()
#12 C:\xampp\htdocs\kesehatan\yii\framework\zii\widgets\CListView.php(211): CBaseListView->init()
#13 C:\xampp\htdocs\kesehatan\yii\framework\web\CBaseController.php(147): CListView->init()
#14 C:\xampp\htdocs\kesehatan\yii\framework\web\CBaseController.php(181): CBaseController->createWidget('zii.widgets.CLi...', Array)
#15 C:\xampp\htdocs\kesehatan\protected\views\obatM\index.php(17): CBaseController->widget('zii.widgets.CLi...', Array)
#16 C:\xampp\htdocs\kesehatan\yii\framework\web\CBaseController.php(126): require('C:\\xampp\\htdocs...')
#17 C:\xampp\htdocs\kesehatan\yii\framework\web\CBaseController.php(95): CBaseController->renderInternal('C:\\xampp\\htdocs...', Array, true)
#18 C:\xampp\htdocs\kesehatan\yii\framework\web\CController.php(872): CBaseController->renderFile('C:\\xampp\\htdocs...', Array, true)
#19 C:\xampp\htdocs\kesehatan\yii\framework\web\CController.php(785): CController->renderPartial('index', Array, true)
#20 C:\xampp\htdocs\kesehatan\protected\controllers\ObatMController.php(126): CController->render('index', Array)
#21 C:\xampp\htdocs\kesehatan\yii\framework\web\actions\CInlineAction.php(49): ObatMController->actionIndex()
#22 C:\xampp\htdocs\kesehatan\yii\framework\web\CController.php(308): CInlineAction->runWithParams(Array)
#23 C:\xampp\htdocs\kesehatan\yii\framework\web\filters\CFilterChain.php(134): CController->runAction(Object(CInlineAction))
#24 C:\xampp\htdocs\kesehatan\yii\framework\web\filters\CFilter.php(40): CFilterChain->run()
#25 C:\xampp\htdocs\kesehatan\yii\framework\web\CController.php(1148): CFilter->filter(Object(CFilterChain))
#26 C:\xampp\htdocs\kesehatan\yii\framework\web\filters\CInlineFilter.php(58): CController->filterAccessControl(Object(CFilterChain))
#27 C:\xampp\htdocs\kesehatan\yii\framework\web\filters\CFilterChain.php(131): CInlineFilter->filter(Object(CFilterChain))
#28 C:\xampp\htdocs\kesehatan\yii\framework\web\CController.php(291): CFilterChain->run()
#29 C:\xampp\htdocs\kesehatan\yii\framework\web\CController.php(265): CController->runActionWithFilters(Object(CInlineAction), Array)
#30 C:\xampp\htdocs\kesehatan\yii\framework\web\CWebApplication.php(282): CController->run('index')
#31 C:\xampp\htdocs\kesehatan\yii\framework\web\CWebApplication.php(141): CWebApplication->runController('obatM/index')
#32 C:\xampp\htdocs\kesehatan\yii\framework\base\CApplication.php(185): CWebApplication->processRequest()
#33 C:\xampp\htdocs\kesehatan\index.php(13): CApplication->run()
#34 {main}
REQUEST_URI=/kesehatan/index.php?r=obatM/index
HTTP_REFERER=http://localhost/kesehatan/
---
2023/07/02 18:02:24 [error] [exception.CDbException] CDbException: CDbConnection failed to open the DB connection: SQLSTATE[HY000] [2006] MySQL server has gone away in C:\xampp\htdocs\kesehatan\yii\framework\db\CDbConnection.php:399
Stack trace:
#0 C:\xampp\htdocs\kesehatan\yii\framework\db\CDbConnection.php(347): CDbConnection->open()
#1 C:\xampp\htdocs\kesehatan\yii\framework\db\CDbConnection.php(325): CDbConnection->setActive(true)
#2 C:\xampp\htdocs\kesehatan\yii\framework\base\CModule.php(394): CDbConnection->init()
#3 C:\xampp\htdocs\kesehatan\yii\framework\base\CApplication.php(459): CModule->getComponent('db')
#4 C:\xampp\htdocs\kesehatan\yii\framework\db\ar\CActiveRecord.php(639): CApplication->getDb()
#5 C:\xampp\htdocs\kesehatan\yii\framework\db\ar\CActiveRecord.php(672): CActiveRecord->getDbConnection()
#6 C:\xampp\htdocs\kesehatan\yii\framework\db\ar\CActiveRecord.php(1604): CActiveRecord->getCommandBuilder()
#7 C:\xampp\htdocs\kesehatan\yii\framework\web\CActiveDataProvider.php(228): CActiveRecord->count(Object(CDbCriteria))
#8 C:\xampp\htdocs\kesehatan\yii\framework\web\CDataProvider.php(224): CActiveDataProvider->calculateTotalItemCount()
#9 C:\xampp\htdocs\kesehatan\yii\framework\web\CActiveDataProvider.php(178): CDataProvider->getTotalItemCount()
#10 C:\xampp\htdocs\kesehatan\yii\framework\web\CDataProvider.php(168): CActiveDataProvider->fetchData()
#11 C:\xampp\htdocs\kesehatan\yii\framework\zii\widgets\CBaseListView.php(125): CDataProvider->getData()
#12 C:\xampp\htdocs\kesehatan\yii\framework\zii\widgets\CListView.php(211): CBaseListView->init()
#13 C:\xampp\htdocs\kesehatan\yii\framework\web\CBaseController.php(147): CListView->init()
#14 C:\xampp\htdocs\kesehatan\yii\framework\web\CBaseController.php(181): CBaseController->createWidget('zii.widgets.CLi...', Array)
#15 C:\xampp\htdocs\kesehatan\protected\views\obatM\index.php(17): CBaseController->widget('zii.widgets.CLi...', Array)
#16 C:\xampp\htdocs\kesehatan\yii\framework\web\CBaseController.php(126): require('C:\\xampp\\htdocs...')
#17 C:\xampp\htdocs\kesehatan\yii\framework\web\CBaseController.php(95): CBaseController->renderInternal('C:\\xampp\\htdocs...', Array, true)
#18 C:\xampp\htdocs\kesehatan\yii\framework\web\CController.php(872): CBaseController->renderFile('C:\\xampp\\htdocs...', Array, true)
#19 C:\xampp\htdocs\kesehatan\yii\framework\web\CController.php(785): CController->renderPartial('index', Array, true)
#20 C:\xampp\htdocs\kesehatan\protected\controllers\ObatMController.php(126): CController->render('index', Array)
#21 C:\xampp\htdocs\kesehatan\yii\framework\web\actions\CInlineAction.php(49): ObatMController->actionIndex()
#22 C:\xampp\htdocs\kesehatan\yii\framework\web\CController.php(308): CInlineAction->runWithParams(Array)
#23 C:\xampp\htdocs\kesehatan\yii\framework\web\filters\CFilterChain.php(134): CController->runAction(Object(CInlineAction))
#24 C:\xampp\htdocs\kesehatan\yii\framework\web\filters\CFilter.php(40): CFilterChain->run()
#25 C:\xampp\htdocs\kesehatan\yii\framework\web\CController.php(1148): CFilter->filter(Object(CFilterChain))
#26 C:\xampp\htdocs\kesehatan\yii\framework\web\filters\CInlineFilter.php(58): CController->filterAccessControl(Object(CFilterChain))
#27 C:\xampp\htdocs\kesehatan\yii\framework\web\filters\CFilterChain.php(131): CInlineFilter->filter(Object(CFilterChain))
#28 C:\xampp\htdocs\kesehatan\yii\framework\web\CController.php(291): CFilterChain->run()
#29 C:\xampp\htdocs\kesehatan\yii\framework\web\CController.php(265): CController->runActionWithFilters(Object(CInlineAction), Array)
#30 C:\xampp\htdocs\kesehatan\yii\framework\web\CWebApplication.php(282): CController->run('index')
#31 C:\xampp\htdocs\kesehatan\yii\framework\web\CWebApplication.php(141): CWebApplication->runController('obatM/index')
#32 C:\xampp\htdocs\kesehatan\yii\framework\base\CApplication.php(185): CWebApplication->processRequest()
#33 C:\xampp\htdocs\kesehatan\index.php(13): CApplication->run()
#34 {main}
REQUEST_URI=/kesehatan/index.php?r=obatM/index
HTTP_REFERER=http://localhost/kesehatan/
---
2023/07/02 18:03:24 [error] [exception.CDbException] CDbException: CDbConnection failed to open the DB connection: SQLSTATE[HY000] [2006] MySQL server has gone away in C:\xampp\htdocs\kesehatan\yii\framework\db\CDbConnection.php:399
Stack trace:
#0 C:\xampp\htdocs\kesehatan\yii\framework\db\CDbConnection.php(347): CDbConnection->open()
#1 C:\xampp\htdocs\kesehatan\yii\framework\db\CDbConnection.php(325): CDbConnection->setActive(true)
#2 C:\xampp\htdocs\kesehatan\yii\framework\base\CModule.php(394): CDbConnection->init()
#3 C:\xampp\htdocs\kesehatan\yii\framework\base\CApplication.php(459): CModule->getComponent('db')
#4 C:\xampp\htdocs\kesehatan\yii\framework\db\ar\CActiveRecord.php(639): CApplication->getDb()
#5 C:\xampp\htdocs\kesehatan\yii\framework\db\ar\CActiveRecord.php(672): CActiveRecord->getDbConnection()
#6 C:\xampp\htdocs\kesehatan\yii\framework\db\ar\CActiveRecord.php(1604): CActiveRecord->getCommandBuilder()
#7 C:\xampp\htdocs\kesehatan\yii\framework\web\CActiveDataProvider.php(228): CActiveRecord->count(Object(CDbCriteria))
#8 C:\xampp\htdocs\kesehatan\yii\framework\web\CDataProvider.php(224): CActiveDataProvider->calculateTotalItemCount()
#9 C:\xampp\htdocs\kesehatan\yii\framework\web\CActiveDataProvider.php(178): CDataProvider->getTotalItemCount()
#10 C:\xampp\htdocs\kesehatan\yii\framework\web\CDataProvider.php(168): CActiveDataProvider->fetchData()
#11 C:\xampp\htdocs\kesehatan\yii\framework\zii\widgets\CBaseListView.php(125): CDataProvider->getData()
#12 C:\xampp\htdocs\kesehatan\yii\framework\zii\widgets\CListView.php(211): CBaseListView->init()
#13 C:\xampp\htdocs\kesehatan\yii\framework\web\CBaseController.php(147): CListView->init()
#14 C:\xampp\htdocs\kesehatan\yii\framework\web\CBaseController.php(181): CBaseController->createWidget('zii.widgets.CLi...', Array)
#15 C:\xampp\htdocs\kesehatan\protected\views\pegawaiM\index.php(17): CBaseController->widget('zii.widgets.CLi...', Array)
#16 C:\xampp\htdocs\kesehatan\yii\framework\web\CBaseController.php(126): require('C:\\xampp\\htdocs...')
#17 C:\xampp\htdocs\kesehatan\yii\framework\web\CBaseController.php(95): CBaseController->renderInternal('C:\\xampp\\htdocs...', Array, true)
#18 C:\xampp\htdocs\kesehatan\yii\framework\web\CController.php(872): CBaseController->renderFile('C:\\xampp\\htdocs...', Array, true)
#19 C:\xampp\htdocs\kesehatan\yii\framework\web\CController.php(785): CController->renderPartial('index', Array, true)
#20 C:\xampp\htdocs\kesehatan\protected\controllers\PegawaiMController.php(126): CController->render('index', Array)
#21 C:\xampp\htdocs\kesehatan\yii\framework\web\actions\CInlineAction.php(49): PegawaiMController->actionIndex()
#22 C:\xampp\htdocs\kesehatan\yii\framework\web\CController.php(308): CInlineAction->runWithParams(Array)
#23 C:\xampp\htdocs\kesehatan\yii\framework\web\filters\CFilterChain.php(134): CController->runAction(Object(CInlineAction))
#24 C:\xampp\htdocs\kesehatan\yii\framework\web\filters\CFilter.php(40): CFilterChain->run()
#25 C:\xampp\htdocs\kesehatan\yii\framework\web\CController.php(1148): CFilter->filter(Object(CFilterChain))
#26 C:\xampp\htdocs\kesehatan\yii\framework\web\filters\CInlineFilter.php(58): CController->filterAccessControl(Object(CFilterChain))
#27 C:\xampp\htdocs\kesehatan\yii\framework\web\filters\CFilterChain.php(131): CInlineFilter->filter(Object(CFilterChain))
#28 C:\xampp\htdocs\kesehatan\yii\framework\web\CController.php(291): CFilterChain->run()
#29 C:\xampp\htdocs\kesehatan\yii\framework\web\CController.php(265): CController->runActionWithFilters(Object(CInlineAction), Array)
#30 C:\xampp\htdocs\kesehatan\yii\framework\web\CWebApplication.php(282): CController->run('index')
#31 C:\xampp\htdocs\kesehatan\yii\framework\web\CWebApplication.php(141): CWebApplication->runController('pegawaiM/index')
#32 C:\xampp\htdocs\kesehatan\yii\framework\base\CApplication.php(185): CWebApplication->processRequest()
#33 C:\xampp\htdocs\kesehatan\index.php(13): CApplication->run()
#34 {main}
REQUEST_URI=/kesehatan/index.php?r=pegawaiM/index
HTTP_REFERER=http://localhost/kesehatan/
---
2023/07/02 18:06:00 [error] [exception.CDbException] CDbException: CDbConnection failed to open the DB connection: SQLSTATE[HY000] [2006] MySQL server has gone away in C:\xampp\htdocs\kesehatan\yii\framework\db\CDbConnection.php:399
Stack trace:
#0 C:\xampp\htdocs\kesehatan\yii\framework\db\CDbConnection.php(347): CDbConnection->open()
#1 C:\xampp\htdocs\kesehatan\yii\framework\db\CDbConnection.php(325): CDbConnection->setActive(true)
#2 C:\xampp\htdocs\kesehatan\yii\framework\base\CModule.php(394): CDbConnection->init()
#3 C:\xampp\htdocs\kesehatan\yii\framework\base\CApplication.php(459): CModule->getComponent('db')
#4 C:\xampp\htdocs\kesehatan\yii\framework\db\ar\CActiveRecord.php(639): CApplication->getDb()
#5 C:\xampp\htdocs\kesehatan\yii\framework\db\ar\CActiveRecord.php(672): CActiveRecord->getDbConnection()
#6 C:\xampp\htdocs\kesehatan\yii\framework\db\ar\CActiveRecord.php(1604): CActiveRecord->getCommandBuilder()
#7 C:\xampp\htdocs\kesehatan\yii\framework\web\CActiveDataProvider.php(228): CActiveRecord->count(Object(CDbCriteria))
#8 C:\xampp\htdocs\kesehatan\yii\framework\web\CDataProvider.php(224): CActiveDataProvider->calculateTotalItemCount()
#9 C:\xampp\htdocs\kesehatan\yii\framework\web\CActiveDataProvider.php(178): CDataProvider->getTotalItemCount()
#10 C:\xampp\htdocs\kesehatan\yii\framework\web\CDataProvider.php(168): CActiveDataProvider->fetchData()
#11 C:\xampp\htdocs\kesehatan\yii\framework\zii\widgets\CBaseListView.php(125): CDataProvider->getData()
#12 C:\xampp\htdocs\kesehatan\yii\framework\zii\widgets\CListView.php(211): CBaseListView->init()
#13 C:\xampp\htdocs\kesehatan\yii\framework\web\CBaseController.php(147): CListView->init()
#14 C:\xampp\htdocs\kesehatan\yii\framework\web\CBaseController.php(181): CBaseController->createWidget('zii.widgets.CLi...', Array)
#15 C:\xampp\htdocs\kesehatan\protected\views\obatM\index.php(17): CBaseController->widget('zii.widgets.CLi...', Array)
#16 C:\xampp\htdocs\kesehatan\yii\framework\web\CBaseController.php(126): require('C:\\xampp\\htdocs...')
#17 C:\xampp\htdocs\kesehatan\yii\framework\web\CBaseController.php(95): CBaseController->renderInternal('C:\\xampp\\htdocs...', Array, true)
#18 C:\xampp\htdocs\kesehatan\yii\framework\web\CController.php(872): CBaseController->renderFile('C:\\xampp\\htdocs...', Array, true)
#19 C:\xampp\htdocs\kesehatan\yii\framework\web\CController.php(785): CController->renderPartial('index', Array, true)
#20 C:\xampp\htdocs\kesehatan\protected\controllers\ObatMController.php(126): CController->render('index', Array)
#21 C:\xampp\htdocs\kesehatan\yii\framework\web\actions\CInlineAction.php(49): ObatMController->actionIndex()
#22 C:\xampp\htdocs\kesehatan\yii\framework\web\CController.php(308): CInlineAction->runWithParams(Array)
#23 C:\xampp\htdocs\kesehatan\yii\framework\web\filters\CFilterChain.php(134): CController->runAction(Object(CInlineAction))
#24 C:\xampp\htdocs\kesehatan\yii\framework\web\filters\CFilter.php(40): CFilterChain->run()
#25 C:\xampp\htdocs\kesehatan\yii\framework\web\CController.php(1148): CFilter->filter(Object(CFilterChain))
#26 C:\xampp\htdocs\kesehatan\yii\framework\web\filters\CInlineFilter.php(58): CController->filterAccessControl(Object(CFilterChain))
#27 C:\xampp\htdocs\kesehatan\yii\framework\web\filters\CFilterChain.php(131): CInlineFilter->filter(Object(CFilterChain))
#28 C:\xampp\htdocs\kesehatan\yii\framework\web\CController.php(291): CFilterChain->run()
#29 C:\xampp\htdocs\kesehatan\yii\framework\web\CController.php(265): CController->runActionWithFilters(Object(CInlineAction), Array)
#30 C:\xampp\htdocs\kesehatan\yii\framework\web\CWebApplication.php(282): CController->run('index')
#31 C:\xampp\htdocs\kesehatan\yii\framework\web\CWebApplication.php(141): CWebApplication->runController('obatM/index')
#32 C:\xampp\htdocs\kesehatan\yii\framework\base\CApplication.php(185): CWebApplication->processRequest()
#33 C:\xampp\htdocs\kesehatan\index.php(13): CApplication->run()
#34 {main}
REQUEST_URI=/kesehatan/index.php?r=obatM/index
HTTP_REFERER=http://localhost/kesehatan/
---
2023/07/02 18:07:06 [error] [exception.CDbException] CDbException: CDbConnection failed to open the DB connection: SQLSTATE[HY000] [2006] MySQL server has gone away in C:\xampp\htdocs\kesehatan\yii\framework\db\CDbConnection.php:399
Stack trace:
#0 C:\xampp\htdocs\kesehatan\yii\framework\db\CDbConnection.php(347): CDbConnection->open()
#1 C:\xampp\htdocs\kesehatan\yii\framework\db\CDbConnection.php(325): CDbConnection->setActive(true)
#2 C:\xampp\htdocs\kesehatan\yii\framework\base\CModule.php(394): CDbConnection->init()
#3 C:\xampp\htdocs\kesehatan\yii\framework\base\CApplication.php(459): CModule->getComponent('db')
#4 C:\xampp\htdocs\kesehatan\yii\framework\db\ar\CActiveRecord.php(639): CApplication->getDb()
#5 C:\xampp\htdocs\kesehatan\yii\framework\db\ar\CActiveRecord.php(672): CActiveRecord->getDbConnection()
#6 C:\xampp\htdocs\kesehatan\yii\framework\db\ar\CActiveRecord.php(1604): CActiveRecord->getCommandBuilder()
#7 C:\xampp\htdocs\kesehatan\yii\framework\web\CActiveDataProvider.php(228): CActiveRecord->count(Object(CDbCriteria))
#8 C:\xampp\htdocs\kesehatan\yii\framework\web\CDataProvider.php(224): CActiveDataProvider->calculateTotalItemCount()
#9 C:\xampp\htdocs\kesehatan\yii\framework\web\CActiveDataProvider.php(178): CDataProvider->getTotalItemCount()
#10 C:\xampp\htdocs\kesehatan\yii\framework\web\CDataProvider.php(168): CActiveDataProvider->fetchData()
#11 C:\xampp\htdocs\kesehatan\yii\framework\zii\widgets\CBaseListView.php(125): CDataProvider->getData()
#12 C:\xampp\htdocs\kesehatan\yii\framework\zii\widgets\CListView.php(211): CBaseListView->init()
#13 C:\xampp\htdocs\kesehatan\yii\framework\web\CBaseController.php(147): CListView->init()
#14 C:\xampp\htdocs\kesehatan\yii\framework\web\CBaseController.php(181): CBaseController->createWidget('zii.widgets.CLi...', Array)
#15 C:\xampp\htdocs\kesehatan\protected\views\obatM\index.php(17): CBaseController->widget('zii.widgets.CLi...', Array)
#16 C:\xampp\htdocs\kesehatan\yii\framework\web\CBaseController.php(126): require('C:\\xampp\\htdocs...')
#17 C:\xampp\htdocs\kesehatan\yii\framework\web\CBaseController.php(95): CBaseController->renderInternal('C:\\xampp\\htdocs...', Array, true)
#18 C:\xampp\htdocs\kesehatan\yii\framework\web\CController.php(872): CBaseController->renderFile('C:\\xampp\\htdocs...', Array, true)
#19 C:\xampp\htdocs\kesehatan\yii\framework\web\CController.php(785): CController->renderPartial('index', Array, true)
#20 C:\xampp\htdocs\kesehatan\protected\controllers\ObatMController.php(126): CController->render('index', Array)
#21 C:\xampp\htdocs\kesehatan\yii\framework\web\actions\CInlineAction.php(49): ObatMController->actionIndex()
#22 C:\xampp\htdocs\kesehatan\yii\framework\web\CController.php(308): CInlineAction->runWithParams(Array)
#23 C:\xampp\htdocs\kesehatan\yii\framework\web\filters\CFilterChain.php(134): CController->runAction(Object(CInlineAction))
#24 C:\xampp\htdocs\kesehatan\yii\framework\web\filters\CFilter.php(40): CFilterChain->run()
#25 C:\xampp\htdocs\kesehatan\yii\framework\web\CController.php(1148): CFilter->filter(Object(CFilterChain))
#26 C:\xampp\htdocs\kesehatan\yii\framework\web\filters\CInlineFilter.php(58): CController->filterAccessControl(Object(CFilterChain))
#27 C:\xampp\htdocs\kesehatan\yii\framework\web\filters\CFilterChain.php(131): CInlineFilter->filter(Object(CFilterChain))
#28 C:\xampp\htdocs\kesehatan\yii\framework\web\CController.php(291): CFilterChain->run()
#29 C:\xampp\htdocs\kesehatan\yii\framework\web\CController.php(265): CController->runActionWithFilters(Object(CInlineAction), Array)
#30 C:\xampp\htdocs\kesehatan\yii\framework\web\CWebApplication.php(282): CController->run('index')
#31 C:\xampp\htdocs\kesehatan\yii\framework\web\CWebApplication.php(141): CWebApplication->runController('obatM/index')
#32 C:\xampp\htdocs\kesehatan\yii\framework\base\CApplication.php(185): CWebApplication->processRequest()
#33 C:\xampp\htdocs\kesehatan\index.php(13): CApplication->run()
#34 {main}
REQUEST_URI=/kesehatan/index.php?r=obatM/index
HTTP_REFERER=http://localhost/kesehatan/
---
2023/07/02 18:08:06 [error] [exception.CDbException] CDbException: CDbConnection failed to open the DB connection: SQLSTATE[HY000] [2006] MySQL server has gone away in C:\xampp\htdocs\kesehatan\yii\framework\db\CDbConnection.php:399
Stack trace:
#0 C:\xampp\htdocs\kesehatan\yii\framework\db\CDbConnection.php(347): CDbConnection->open()
#1 C:\xampp\htdocs\kesehatan\yii\framework\db\CDbConnection.php(325): CDbConnection->setActive(true)
#2 C:\xampp\htdocs\kesehatan\yii\framework\base\CModule.php(394): CDbConnection->init()
#3 C:\xampp\htdocs\kesehatan\yii\framework\base\CApplication.php(459): CModule->getComponent('db')
#4 C:\xampp\htdocs\kesehatan\yii\framework\db\ar\CActiveRecord.php(639): CApplication->getDb()
#5 C:\xampp\htdocs\kesehatan\yii\framework\db\ar\CActiveRecord.php(672): CActiveRecord->getDbConnection()
#6 C:\xampp\htdocs\kesehatan\yii\framework\db\ar\CActiveRecord.php(1604): CActiveRecord->getCommandBuilder()
#7 C:\xampp\htdocs\kesehatan\yii\framework\web\CActiveDataProvider.php(228): CActiveRecord->count(Object(CDbCriteria))
#8 C:\xampp\htdocs\kesehatan\yii\framework\web\CDataProvider.php(224): CActiveDataProvider->calculateTotalItemCount()
#9 C:\xampp\htdocs\kesehatan\yii\framework\web\CActiveDataProvider.php(178): CDataProvider->getTotalItemCount()
#10 C:\xampp\htdocs\kesehatan\yii\framework\web\CDataProvider.php(168): CActiveDataProvider->fetchData()
#11 C:\xampp\htdocs\kesehatan\yii\framework\zii\widgets\CBaseListView.php(125): CDataProvider->getData()
#12 C:\xampp\htdocs\kesehatan\yii\framework\zii\widgets\CListView.php(211): CBaseListView->init()
#13 C:\xampp\htdocs\kesehatan\yii\framework\web\CBaseController.php(147): CListView->init()
#14 C:\xampp\htdocs\kesehatan\yii\framework\web\CBaseController.php(181): CBaseController->createWidget('zii.widgets.CLi...', Array)
#15 C:\xampp\htdocs\kesehatan\protected\views\pegawaiM\index.php(17): CBaseController->widget('zii.widgets.CLi...', Array)
#16 C:\xampp\htdocs\kesehatan\yii\framework\web\CBaseController.php(126): require('C:\\xampp\\htdocs...')
#17 C:\xampp\htdocs\kesehatan\yii\framework\web\CBaseController.php(95): CBaseController->renderInternal('C:\\xampp\\htdocs...', Array, true)
#18 C:\xampp\htdocs\kesehatan\yii\framework\web\CController.php(872): CBaseController->renderFile('C:\\xampp\\htdocs...', Array, true)
#19 C:\xampp\htdocs\kesehatan\yii\framework\web\CController.php(785): CController->renderPartial('index', Array, true)
#20 C:\xampp\htdocs\kesehatan\protected\controllers\PegawaiMController.php(126): CController->render('index', Array)
#21 C:\xampp\htdocs\kesehatan\yii\framework\web\actions\CInlineAction.php(49): PegawaiMController->actionIndex()
#22 C:\xampp\htdocs\kesehatan\yii\framework\web\CController.php(308): CInlineAction->runWithParams(Array)
#23 C:\xampp\htdocs\kesehatan\yii\framework\web\filters\CFilterChain.php(134): CController->runAction(Object(CInlineAction))
#24 C:\xampp\htdocs\kesehatan\yii\framework\web\filters\CFilter.php(40): CFilterChain->run()
#25 C:\xampp\htdocs\kesehatan\yii\framework\web\CController.php(1148): CFilter->filter(Object(CFilterChain))
#26 C:\xampp\htdocs\kesehatan\yii\framework\web\filters\CInlineFilter.php(58): CController->filterAccessControl(Object(CFilterChain))
#27 C:\xampp\htdocs\kesehatan\yii\framework\web\filters\CFilterChain.php(131): CInlineFilter->filter(Object(CFilterChain))
#28 C:\xampp\htdocs\kesehatan\yii\framework\web\CController.php(291): CFilterChain->run()
#29 C:\xampp\htdocs\kesehatan\yii\framework\web\CController.php(265): CController->runActionWithFilters(Object(CInlineAction), Array)
#30 C:\xampp\htdocs\kesehatan\yii\framework\web\CWebApplication.php(282): CController->run('index')
#31 C:\xampp\htdocs\kesehatan\yii\framework\web\CWebApplication.php(141): CWebApplication->runController('pegawaiM/index')
#32 C:\xampp\htdocs\kesehatan\yii\framework\base\CApplication.php(185): CWebApplication->processRequest()
#33 C:\xampp\htdocs\kesehatan\index.php(13): CApplication->run()
#34 {main}
REQUEST_URI=/kesehatan/index.php?r=pegawaiM/index
HTTP_REFERER=http://localhost/kesehatan/
---
